#
# There is insufficient memory for the Java Runtime Environment to continue.
# Native memory allocation (malloc) failed to allocate 391216 bytes for Chunk::new
# Possible reasons:
#   The system is out of physical RAM or swap space
#   In 32 bit mode, the process size limit was hit
# Possible solutions:
#   Reduce memory load on the system
#   Increase physical memory or swap space
#   Check if swap backing store is full
#   Use 64 bit Java on a 64 bit OS
#   Decrease Java heap size (-Xmx/-Xms)
#   Decrease number of Java threads
#   Decrease Java thread stack sizes (-Xss)
#   Set larger code cache with -XX:ReservedCodeCacheSize=
# This output file may be truncated or incomplete.
#
#  Out of Memory Error (allocation.cpp:390), pid=8776, tid=0x0000000000002280
#
# JRE version: OpenJDK Runtime Environment (8.0_152-b06) (build 1.8.0_152-release-1136-b06)
# Java VM: OpenJDK 64-Bit Server VM (25.152-b06 mixed mode windows-amd64 compressed oops)
# Failed to write core dump. Minidumps are not enabled by default on client versions of Windows
#

---------------  T H R E A D  ---------------

Current thread (0x0000000018f1f000):  JavaThread "C2 CompilerThread2" daemon [_thread_in_native, id=8832, stack(0x00000000198e0000,0x00000000199e0000)]

Stack: [0x00000000198e0000,0x00000000199e0000]
[error occurred during error reporting (printing stack bounds), id 0xc0000005]

Native frames: (J=compiled Java code, j=interpreted, Vv=VM code, C=native code)


Current CompileTask:
C2:   9617 4281       4       com.sun.org.apache.xerces.internal.utils.XMLLimitAnalyzer::addValue (260 bytes)


---------------  P R O C E S S  ---------------

Java Threads: ( => current thread )
  0x0000000021310000 JavaThread "Build operations Thread 8" [_thread_in_native, id=10336, stack(0x0000000024170000,0x0000000024270000)]
  0x0000000021316800 JavaThread "Build operations Thread 7" [_thread_in_native, id=10040, stack(0x0000000024070000,0x0000000024170000)]
  0x0000000021312000 JavaThread "Build operations Thread 6" [_thread_in_native, id=440, stack(0x0000000023f70000,0x0000000024070000)]
  0x0000000021313800 JavaThread "Build operations Thread 5" [_thread_blocked, id=3668, stack(0x0000000023e70000,0x0000000023f70000)]
  0x000000002130f000 JavaThread "Build operations Thread 4" [_thread_in_native, id=12376, stack(0x0000000023d70000,0x0000000023e70000)]
  0x0000000021315000 JavaThread "Build operations Thread 3" [_thread_blocked, id=7472, stack(0x0000000023c70000,0x0000000023d70000)]
  0x0000000021313000 JavaThread "Build operations Thread 2" [_thread_in_native, id=10604, stack(0x0000000023430000,0x0000000023530000)]
  0x0000000021314800 JavaThread "Build operations" [_thread_in_native, id=9152, stack(0x00000000204a0000,0x00000000205a0000)]
  0x000000001b0e9000 JavaThread "Cache worker for execution history cache (C:\Users\asus\.gradle\caches\5.1.1\executionHistory)" [_thread_blocked, id=13020, stack(0x0000000023130000,0x0000000023230000)]
  0x000000001b0e3800 JavaThread "Cache worker for cache directory md-rule (C:\Users\asus\.gradle\caches\5.1.1\md-rule)" [_thread_blocked, id=6992, stack(0x0000000023030000,0x0000000023130000)]
  0x000000001b0e8000 JavaThread "Cache worker for cache directory md-supplier (C:\Users\asus\.gradle\caches\5.1.1\md-supplier)" [_thread_blocked, id=4180, stack(0x0000000020690000,0x0000000020790000)]
  0x000000001b0e9800 JavaThread "Cache worker for file hash cache (C:\Users\asus\AndroidProject\OperationCP\.gradle\5.1.1\fileHashes)" [_thread_blocked, id=8252, stack(0x000000001ebd0000,0x000000001ecd0000)]
  0x000000001b0e7800 JavaThread "Cache worker for journal cache (C:\Users\asus\.gradle\caches\journal-1)" [_thread_blocked, id=5400, stack(0x000000001c930000,0x000000001ca30000)]
  0x000000001b10b000 JavaThread "File lock request listener" [_thread_in_native, id=13308, stack(0x000000001c830000,0x000000001c930000)]
  0x000000001af35000 JavaThread "Cache worker for file hash cache (C:\Users\asus\.gradle\caches\5.1.1\fileHashes)" [_thread_blocked, id=7084, stack(0x000000001c730000,0x000000001c830000)]
  0x000000001af26800 JavaThread "Thread-8" [_thread_blocked, id=2984, stack(0x000000001c630000,0x000000001c730000)]
  0x000000001af25000 JavaThread "Stdin handler" [_thread_blocked, id=9756, stack(0x000000001c430000,0x000000001c530000)]
  0x000000001b077000 JavaThread "Asynchronous log dispatcher for DefaultDaemonConnection: socket connection from /127.0.0.1:58532 to /127.0.0.1:58533" [_thread_blocked, id=4660, stack(0x000000001c330000,0x000000001c430000)]
  0x000000001b06c800 JavaThread "Daemon worker" [_thread_blocked, id=5892, stack(0x000000001c230000,0x000000001c330000)]
  0x000000001aef3800 JavaThread "Cancel handler" [_thread_blocked, id=10508, stack(0x000000001c130000,0x000000001c230000)]
  0x000000001b0a1800 JavaThread "Handler for socket connection from /127.0.0.1:58532 to /127.0.0.1:58533" [_thread_in_native, id=11596, stack(0x000000001be30000,0x000000001bf30000)]
  0x000000001b0a1000 JavaThread "Daemon" [_thread_blocked, id=13252, stack(0x000000001bd30000,0x000000001be30000)]
  0x000000001b09d800 JavaThread "Daemon periodic checks" [_thread_blocked, id=9696, stack(0x000000001bc30000,0x000000001bd30000)]
  0x000000001b064000 JavaThread "Incoming local TCP Connector on port 58532" [_thread_in_native, id=8292, stack(0x000000001b9f0000,0x000000001baf0000)]
  0x0000000018fb0000 JavaThread "Service Thread" daemon [_thread_blocked, id=3124, stack(0x0000000019ae0000,0x0000000019be0000)]
  0x000000001702e000 JavaThread "C1 CompilerThread3" daemon [_thread_blocked, id=10032, stack(0x00000000199e0000,0x0000000019ae0000)]
=>0x0000000018f1f000 JavaThread "C2 CompilerThread2" daemon [_thread_in_native, id=8832, stack(0x00000000198e0000,0x00000000199e0000)]
  0x0000000018f1c800 JavaThread "C2 CompilerThread1" daemon [_thread_blocked, id=8204, stack(0x00000000197e0000,0x00000000198e0000)]
  0x0000000018f19800 JavaThread "C2 CompilerThread0" daemon [_thread_in_native, id=6068, stack(0x00000000196e0000,0x00000000197e0000)]
  0x0000000018f18000 JavaThread "Attach Listener" daemon [_thread_blocked, id=6876, stack(0x00000000195e0000,0x00000000196e0000)]
  0x0000000018f17800 JavaThread "Signal Dispatcher" daemon [_thread_blocked, id=10620, stack(0x00000000194e0000,0x00000000195e0000)]
  0x0000000003259000 JavaThread "Finalizer" daemon [_thread_blocked, id=6348, stack(0x00000000192f0000,0x00000000193f0000)]
  0x0000000003255800 JavaThread "Reference Handler" daemon [_thread_blocked, id=6796, stack(0x0000000018df0000,0x0000000018ef0000)]
  0x000000000315e800 JavaThread "main" [_thread_blocked, id=11108, stack(0x0000000002fb0000,0x00000000030b0000)]

Other Threads:
  0x0000000017017800 VMThread [stack: 0x0000000018cf0000,0x0000000018df0000] [id=1364]
  0x0000000018fb0800 WatcherThread [stack: 0x0000000019be0000,0x0000000019ce0000] [id=1348]

VM state:not at safepoint (normal execution)

VM Mutex/Monitor currently owned by a thread: None

Heap:
 PSYoungGen      total 152064K, used 108150K [0x00000000e0000000, 0x00000000ec800000, 0x0000000100000000)
  eden space 140800K, 76% used [0x00000000e0000000,0x00000000e699dbc0,0x00000000e8980000)
  from space 11264K, 0% used [0x00000000e8980000,0x00000000e8980000,0x00000000e9480000)
  to   space 12288K, 0% used [0x00000000ebc00000,0x00000000ebc00000,0x00000000ec800000)
 ParOldGen       total 84992K, used 17347K [0x00000000a0000000, 0x00000000a5300000, 0x00000000e0000000)
  object space 84992K, 20% used [0x00000000a0000000,0x00000000a10f0e50,0x00000000a5300000)
 Metaspace       used 42966K, capacity 43762K, committed 44160K, reserved 1087488K
  class space    used 5667K, capacity 5953K, committed 6016K, reserved 1048576K

Card table byte_map: [0x0000000012620000,0x0000000012930000] byte_map_base: 0x0000000012120000

Marking Bits: (ParMarkBitMap*) 0x000000005ff65aa0
 Begin Bits: [0x0000000013330000, 0x0000000014b30000)
 End Bits:   [0x0000000014b30000, 0x0000000016330000)

Polling page: 0x0000000002eb0000

CodeCache: size=245760Kb used=13438Kb max_used=13450Kb free=232321Kb
 bounds [0x0000000003260000, 0x0000000003fa0000, 0x0000000012260000]
 total_blobs=4449 nmethods=3686 adapters=675
 compilation: enabled

Compilation events (10 events):
Event: 9.608 Thread 0x000000001702e000 nmethod 4302 0x0000000003bcd7d0 code [0x0000000003bcd940, 0x0000000003bcdb48]
Event: 9.608 Thread 0x000000001702e000 4304       3       com.google.common.collect.ImmutableList::iterator (5 bytes)
Event: 9.609 Thread 0x0000000018f19800 nmethod 4301 0x0000000003bf18d0 code [0x0000000003bf1a20, 0x0000000003bf1b98]
Event: 9.609 Thread 0x000000001702e000 nmethod 4304 0x0000000003f8ee10 code [0x0000000003f8f020, 0x0000000003f8fac8]
Event: 9.609 Thread 0x0000000018f19800 4303       4       com.sun.org.apache.xerces.internal.dom.ElementImpl::getNodeName (16 bytes)
Event: 9.609 Thread 0x000000001702e000 4305       3       com.google.common.collect.ImmutableList::listIterator (6 bytes)
Event: 9.610 Thread 0x000000001702e000 nmethod 4305 0x0000000003f8dad0 code [0x0000000003f8dce0, 0x0000000003f8e818]
Event: 9.610 Thread 0x000000001702e000 4306       3       com.google.common.collect.ImmutableList::listIterator (30 bytes)
Event: 9.610 Thread 0x000000001702e000 nmethod 4306 0x0000000003f90050 code [0x0000000003f90260, 0x0000000003f90d18]
Event: 9.611 Thread 0x0000000018f1c800 nmethod 4300 0x0000000003f8d3d0 code [0x0000000003f8d540, 0x0000000003f8d798]

GC Heap History (10 events):
Event: 4.609 GC heap before
{Heap before GC invocations=9 (full 1):
 PSYoungGen      total 86016K, used 80260K [0x00000000e0000000, 0x00000000e8280000, 0x0000000100000000)
  eden space 74240K, 100% used [0x00000000e0000000,0x00000000e4880000,0x00000000e4880000)
  from space 11776K, 51% used [0x00000000e4880000,0x00000000e4e61278,0x00000000e5400000)
  to   space 11264K, 0% used [0x00000000e7780000,0x00000000e7780000,0x00000000e8280000)
 ParOldGen       total 84992K, used 9367K [0x00000000a0000000, 0x00000000a5300000, 0x00000000e0000000)
  object space 84992K, 11% used [0x00000000a0000000,0x00000000a0925f98,0x00000000a5300000)
 Metaspace       used 29520K, capacity 30028K, committed 30208K, reserved 1075200K
  class space    used 4070K, capacity 4266K, committed 4352K, reserved 1048576K
Event: 4.614 GC heap after
Heap after GC invocations=9 (full 1):
 PSYoungGen      total 122368K, used 8338K [0x00000000e0000000, 0x00000000e8300000, 0x0000000100000000)
  eden space 111104K, 0% used [0x00000000e0000000,0x00000000e0000000,0x00000000e6c80000)
  from space 11264K, 74% used [0x00000000e7780000,0x00000000e7fa4970,0x00000000e8280000)
  to   space 11264K, 0% used [0x00000000e6c80000,0x00000000e6c80000,0x00000000e7780000)
 ParOldGen       total 84992K, used 9375K [0x00000000a0000000, 0x00000000a5300000, 0x00000000e0000000)
  object space 84992K, 11% used [0x00000000a0000000,0x00000000a0927f98,0x00000000a5300000)
 Metaspace       used 29520K, capacity 30028K, committed 30208K, reserved 1075200K
  class space    used 4070K, capacity 4266K, committed 4352K, reserved 1048576K
}
Event: 5.335 GC heap before
{Heap before GC invocations=10 (full 1):
 PSYoungGen      total 122368K, used 119442K [0x00000000e0000000, 0x00000000e8300000, 0x0000000100000000)
  eden space 111104K, 100% used [0x00000000e0000000,0x00000000e6c80000,0x00000000e6c80000)
  from space 11264K, 74% used [0x00000000e7780000,0x00000000e7fa4970,0x00000000e8280000)
  to   space 11264K, 0% used [0x00000000e6c80000,0x00000000e6c80000,0x00000000e7780000)
 ParOldGen       total 84992K, used 9375K [0x00000000a0000000, 0x00000000a5300000, 0x00000000e0000000)
  object space 84992K, 11% used [0x00000000a0000000,0x00000000a0927f98,0x00000000a5300000)
 Metaspace       used 29534K, capacity 30092K, committed 30464K, reserved 1075200K
  class space    used 4071K, capacity 4266K, committed 4352K, reserved 1048576K
Event: 5.339 GC heap after
Heap after GC invocations=10 (full 1):
 PSYoungGen      total 122368K, used 6582K [0x00000000e0000000, 0x00000000ea180000, 0x0000000100000000)
  eden space 111104K, 0% used [0x00000000e0000000,0x00000000e0000000,0x00000000e6c80000)
  from space 11264K, 58% used [0x00000000e6c80000,0x00000000e72edba8,0x00000000e7780000)
  to   space 11264K, 0% used [0x00000000e9680000,0x00000000e9680000,0x00000000ea180000)
 ParOldGen       total 84992K, used 9375K [0x00000000a0000000, 0x00000000a5300000, 0x00000000e0000000)
  object space 84992K, 11% used [0x00000000a0000000,0x00000000a0927f98,0x00000000a5300000)
 Metaspace       used 29534K, capacity 30092K, committed 30464K, reserved 1075200K
  class space    used 4071K, capacity 4266K, committed 4352K, reserved 1048576K
}
Event: 5.960 GC heap before
{Heap before GC invocations=11 (full 1):
 PSYoungGen      total 122368K, used 117686K [0x00000000e0000000, 0x00000000ea180000, 0x0000000100000000)
  eden space 111104K, 100% used [0x00000000e0000000,0x00000000e6c80000,0x00000000e6c80000)
  from space 11264K, 58% used [0x00000000e6c80000,0x00000000e72edba8,0x00000000e7780000)
  to   space 11264K, 0% used [0x00000000e9680000,0x00000000e9680000,0x00000000ea180000)
 ParOldGen       total 84992K, used 9375K [0x00000000a0000000, 0x00000000a5300000, 0x00000000e0000000)
  object space 84992K, 11% used [0x00000000a0000000,0x00000000a0927f98,0x00000000a5300000)
 Metaspace       used 29536K, capacity 30092K, committed 30464K, reserved 1075200K
  class space    used 4071K, capacity 4266K, committed 4352K, reserved 1048576K
Event: 5.963 GC heap after
Heap after GC invocations=11 (full 1):
 PSYoungGen      total 150016K, used 4592K [0x00000000e0000000, 0x00000000e9f80000, 0x0000000100000000)
  eden space 140800K, 0% used [0x00000000e0000000,0x00000000e0000000,0x00000000e8980000)
  from space 9216K, 49% used [0x00000000e9680000,0x00000000e9afc120,0x00000000e9f80000)
  to   space 11264K, 0% used [0x00000000e8980000,0x00000000e8980000,0x00000000e9480000)
 ParOldGen       total 84992K, used 9383K [0x00000000a0000000, 0x00000000a5300000, 0x00000000e0000000)
  object space 84992K, 11% used [0x00000000a0000000,0x00000000a0929f98,0x00000000a5300000)
 Metaspace       used 29536K, capacity 30092K, committed 30464K, reserved 1075200K
  class space    used 4071K, capacity 4266K, committed 4352K, reserved 1048576K
}
Event: 6.826 GC heap before
{Heap before GC invocations=12 (full 1):
 PSYoungGen      total 150016K, used 81995K [0x00000000e0000000, 0x00000000e9f80000, 0x0000000100000000)
  eden space 140800K, 54% used [0x00000000e0000000,0x00000000e4b96b58,0x00000000e8980000)
  from space 9216K, 49% used [0x00000000e9680000,0x00000000e9afc120,0x00000000e9f80000)
  to   space 11264K, 0% used [0x00000000e8980000,0x00000000e8980000,0x00000000e9480000)
 ParOldGen       total 84992K, used 9383K [0x00000000a0000000, 0x00000000a5300000, 0x00000000e0000000)
  object space 84992K, 11% used [0x00000000a0000000,0x00000000a0929f98,0x00000000a5300000)
 Metaspace       used 34737K, capacity 35386K, committed 35496K, reserved 1079296K
  class space    used 4607K, capacity 4851K, committed 4864K, reserved 1048576K
Event: 6.836 GC heap after
Heap after GC invocations=12 (full 1):
 PSYoungGen      total 152064K, used 10737K [0x00000000e0000000, 0x00000000ec800000, 0x0000000100000000)
  eden space 140800K, 0% used [0x00000000e0000000,0x00000000e0000000,0x00000000e8980000)
  from space 11264K, 95% used [0x00000000e8980000,0x00000000e93fc468,0x00000000e9480000)
  to   space 12288K, 0% used [0x00000000ebc00000,0x00000000ebc00000,0x00000000ec800000)
 ParOldGen       total 84992K, used 9391K [0x00000000a0000000, 0x00000000a5300000, 0x00000000e0000000)
  object space 84992K, 11% used [0x00000000a0000000,0x00000000a092bf98,0x00000000a5300000)
 Metaspace       used 34737K, capacity 35386K, committed 35496K, reserved 1079296K
  class space    used 4607K, capacity 4851K, committed 4864K, reserved 1048576K
}
Event: 6.836 GC heap before
{Heap before GC invocations=13 (full 2):
 PSYoungGen      total 152064K, used 10737K [0x00000000e0000000, 0x00000000ec800000, 0x0000000100000000)
  eden space 140800K, 0% used [0x00000000e0000000,0x00000000e0000000,0x00000000e8980000)
  from space 11264K, 95% used [0x00000000e8980000,0x00000000e93fc468,0x00000000e9480000)
  to   space 12288K, 0% used [0x00000000ebc00000,0x00000000ebc00000,0x00000000ec800000)
 ParOldGen       total 84992K, used 9391K [0x00000000a0000000, 0x00000000a5300000, 0x00000000e0000000)
  object space 84992K, 11% used [0x00000000a0000000,0x00000000a092bf98,0x00000000a5300000)
 Metaspace       used 34737K, capacity 35386K, committed 35496K, reserved 1079296K
  class space    used 4607K, capacity 4851K, committed 4864K, reserved 1048576K
Event: 6.929 GC heap after
Heap after GC invocations=13 (full 2):
 PSYoungGen      total 152064K, used 0K [0x00000000e0000000, 0x00000000ec800000, 0x0000000100000000)
  eden space 140800K, 0% used [0x00000000e0000000,0x00000000e0000000,0x00000000e8980000)
  from space 11264K, 0% used [0x00000000e8980000,0x00000000e8980000,0x00000000e9480000)
  to   space 12288K, 0% used [0x00000000ebc00000,0x00000000ebc00000,0x00000000ec800000)
 ParOldGen       total 84992K, used 17347K [0x00000000a0000000, 0x00000000a5300000, 0x00000000e0000000)
  object space 84992K, 20% used [0x00000000a0000000,0x00000000a10f0e50,0x00000000a5300000)
 Metaspace       used 34693K, capacity 35260K, committed 35496K, reserved 1079296K
  class space    used 4596K, capacity 4809K, committed 4864K, reserved 1048576K
}

Deoptimization events (10 events):
Event: 8.212 Thread 0x000000001b06c800 Uncommon trap: reason=predicate action=maybe_recompile pc=0x00000000038281d0 method=java.util.regex.Pattern$SliceI.match(Ljava/util/regex/Matcher;ILjava/lang/CharSequence;)Z @ 21
Event: 8.270 Thread 0x0000000021314800 Uncommon trap: reason=unstable_if action=reinterpret pc=0x0000000003b932b0 method=java.util.Arrays.equals([B[B)Z @ 12
Event: 8.270 Thread 0x000000001b06c800 Uncommon trap: reason=unstable_if action=reinterpret pc=0x0000000003b932b0 method=java.util.Arrays.equals([B[B)Z @ 12
Event: 8.531 Thread 0x000000001b06c800 Uncommon trap: reason=unstable_if action=reinterpret pc=0x0000000003abf42c method=sun.security.provider.DigestBase.engineUpdate([BII)V @ 1
Event: 8.717 Thread 0x0000000021314800 Uncommon trap: reason=unstable_if action=reinterpret pc=0x0000000003489b24 method=java.util.concurrent.ConcurrentHashMap.addCount(JI)V @ 168
Event: 8.717 Thread 0x0000000021313000 Uncommon trap: reason=unstable_if action=reinterpret pc=0x0000000003557e98 method=java.util.concurrent.ConcurrentHashMap.addCount(JI)V @ 272
Event: 8.717 Thread 0x0000000021313000 Uncommon trap: reason=unstable_if action=reinterpret pc=0x00000000038426e8 method=java.util.regex.Pattern$BmpCharProperty.match(Ljava/util/regex/Matcher;ILjava/lang/CharSequence;)Z @ 34
Event: 8.745 Thread 0x0000000021310000 Uncommon trap: reason=class_check action=maybe_recompile pc=0x0000000003b79a30 method=java.lang.StringCoding.encode(Ljava/nio/charset/Charset;[CII)[B @ 1
Event: 8.746 Thread 0x0000000021314800 Uncommon trap: reason=class_check action=maybe_recompile pc=0x0000000003b79a30 method=java.lang.StringCoding.encode(Ljava/nio/charset/Charset;[CII)[B @ 1
Event: 9.504 Thread 0x0000000021312000 Uncommon trap: reason=unstable_if action=reinterpret pc=0x000000000345d49c method=java.io.BufferedReader.readLine(Z)Ljava/lang/String; @ 192

Classes redefined (0 events):
No events

Internal exceptions (10 events):
Event: 7.381 Thread 0x000000001b06c800 Exception <a 'java/lang/ClassNotFoundException': org/gradle/api/internal/DefaultDomainObjectCollectionBeanInfo> (0x00000000e21416f8) thrown at [D:\src\AOSP-openjdk-cygwin\jdk8u\hotspot\src\share\vm\classfile\systemDictionary.cpp, line 210]
Event: 7.382 Thread 0x000000001b06c800 Exception <a 'java/lang/ClassNotFoundException': org/gradle/api/internal/DefaultDomainObjectCollectionCustomizer> (0x00000000e21726b0) thrown at [D:\src\AOSP-openjdk-cygwin\jdk8u\hotspot\src\share\vm\classfile\systemDictionary.cpp, line 210]
Event: 7.385 Thread 0x000000001b06c800 Exception <a 'java/lang/ClassNotFoundException': org/gradle/api/internal/DefaultNamedDomainObjectCollectionCustomizer> (0x00000000e21cedd0) thrown at [D:\src\AOSP-openjdk-cygwin\jdk8u\hotspot\src\share\vm\classfile\systemDictionary.cpp, line 210]
Event: 7.391 Thread 0x000000001b06c800 Exception <a 'java/lang/ClassNotFoundException': org/gradle/api/internal/DefaultNamedDomainObjectListCustomizer> (0x00000000e223d9e8) thrown at [D:\src\AOSP-openjdk-cygwin\jdk8u\hotspot\src\share\vm\classfile\systemDictionary.cpp, line 210]
Event: 7.396 Thread 0x000000001b06c800 Exception <a 'java/lang/ClassNotFoundException': org/gradle/api/internal/artifacts/DefaultArtifactRepositoryContainerCustomizer> (0x00000000e22af8f0) thrown at [D:\src\AOSP-openjdk-cygwin\jdk8u\hotspot\src\share\vm\classfile\systemDictionary.cpp, line 210
Event: 7.398 Thread 0x000000001b06c800 Exception <a 'java/lang/ClassNotFoundException': org/gradle/api/internal/artifacts/dsl/DefaultRepositoryHandlerCustomizer> (0x00000000e2314768) thrown at [D:\src\AOSP-openjdk-cygwin\jdk8u\hotspot\src\share\vm\classfile\systemDictionary.cpp, line 210]
Event: 7.401 Thread 0x000000001b06c800 Exception <a 'java/lang/ClassNotFoundException': org/gradle/api/internal/artifacts/dsl/DefaultRepositoryHandler_DecoratedCustomizer> (0x00000000e23821e8) thrown at [D:\src\AOSP-openjdk-cygwin\jdk8u\hotspot\src\share\vm\classfile\systemDictionary.cpp, line
Event: 7.837 Thread 0x000000001b06c800 Implicit null exception at 0x0000000003a1a7e4 to 0x0000000003a1ca69
Event: 8.270 Thread 0x0000000021314800 Implicit null exception at 0x0000000003b93158 to 0x0000000003b9329d
Event: 8.270 Thread 0x000000001b06c800 Implicit null exception at 0x0000000003b93158 to 0x0000000003b9329d

Events (10 events):
Event: 9.584 Executing VM operation: RevokeBias done
Event: 9.585 Executing VM operation: RevokeBias
Event: 9.585 Executing VM operation: RevokeBias done
Event: 9.585 Executing VM operation: RevokeBias
Event: 9.585 Executing VM operation: RevokeBias done
Event: 9.585 Executing VM operation: RevokeBias
Event: 9.585 Executing VM operation: RevokeBias done
Event: 9.585 Executing VM operation: RevokeBias
Event: 9.586 Executing VM operation: RevokeBias done
Event: 9.587 Thread 0x000000001702e000 flushing nmethod 0x0000000003db8ed0


Dynamic libraries:
0x00007ff6ccef0000 - 0x00007ff6ccf21000 	C:\Program Files\Android\Android Studio\jre\bin\java.exe
0x00007ffd6f060000 - 0x00007ffd6f250000 	C:\WINDOWS\SYSTEM32\ntdll.dll
0x00007ffd6e8c0000 - 0x00007ffd6e972000 	C:\WINDOWS\System32\KERNEL32.DLL
0x00007ffd6cb90000 - 0x00007ffd6ce33000 	C:\WINDOWS\System32\KERNELBASE.dll
0x00007ffd6eea0000 - 0x00007ffd6ef43000 	C:\WINDOWS\System32\ADVAPI32.dll
0x00007ffd6ef50000 - 0x00007ffd6efee000 	C:\WINDOWS\System32\msvcrt.dll
0x00007ffd6dc30000 - 0x00007ffd6dcc7000 	C:\WINDOWS\System32\sechost.dll
0x00007ffd6d820000 - 0x00007ffd6d940000 	C:\WINDOWS\System32\RPCRT4.dll
0x00007ffd6de10000 - 0x00007ffd6dfa4000 	C:\WINDOWS\System32\USER32.dll
0x00007ffd6c190000 - 0x00007ffd6c1b1000 	C:\WINDOWS\System32\win32u.dll
0x00007ffd6ea50000 - 0x00007ffd6ea76000 	C:\WINDOWS\System32\GDI32.dll
0x00007ffd6bff0000 - 0x00007ffd6c184000 	C:\WINDOWS\System32\gdi32full.dll
0x00007ffd6ce40000 - 0x00007ffd6cede000 	C:\WINDOWS\System32\msvcp_win.dll
0x00007ffd6ca90000 - 0x00007ffd6cb8a000 	C:\WINDOWS\System32\ucrtbase.dll
0x00007ffd64300000 - 0x00007ffd64585000 	C:\WINDOWS\WinSxS\amd64_microsoft.windows.common-controls_6595b64144ccf1df_6.0.18362.657_none_e6c5b579130e3898\COMCTL32.dll
0x00007ffd6eb00000 - 0x00007ffd6ee36000 	C:\WINDOWS\System32\combase.dll
0x00007ffd6d090000 - 0x00007ffd6d110000 	C:\WINDOWS\System32\bcryptPrimitives.dll
0x00007ffd6eff0000 - 0x00007ffd6f01e000 	C:\WINDOWS\System32\IMM32.DLL
0x000000005f510000 - 0x000000005f5e2000 	C:\Program Files\Android\Android Studio\jre\jre\bin\msvcr100.dll
0x000000005f7a0000 - 0x000000005ffe1000 	C:\Program Files\Android\Android Studio\jre\jre\bin\server\jvm.dll
0x00007ffd6e840000 - 0x00007ffd6e848000 	C:\WINDOWS\System32\PSAPI.DLL
0x00007ffd5abb0000 - 0x00007ffd5abb9000 	C:\WINDOWS\SYSTEM32\WSOCK32.dll
0x00007ffd697c0000 - 0x00007ffd697e4000 	C:\WINDOWS\SYSTEM32\WINMM.dll
0x00007ffd64c40000 - 0x00007ffd64c4a000 	C:\WINDOWS\SYSTEM32\VERSION.dll
0x00007ffd6e850000 - 0x00007ffd6e8bf000 	C:\WINDOWS\System32\WS2_32.dll
0x00007ffd694b0000 - 0x00007ffd694dd000 	C:\WINDOWS\SYSTEM32\WINMMBASE.dll
0x00007ffd6ca10000 - 0x00007ffd6ca5a000 	C:\WINDOWS\System32\cfgmgr32.dll
0x00007ffd5e680000 - 0x00007ffd5e68f000 	C:\Program Files\Android\Android Studio\jre\jre\bin\verify.dll
0x00007ffd5e650000 - 0x00007ffd5e679000 	C:\Program Files\Android\Android Studio\jre\jre\bin\java.dll
0x00007ffd5e630000 - 0x00007ffd5e646000 	C:\Program Files\Android\Android Studio\jre\jre\bin\zip.dll
0x00007ffd6e080000 - 0x00007ffd6e765000 	C:\WINDOWS\System32\SHELL32.dll
0x00007ffd6e790000 - 0x00007ffd6e839000 	C:\WINDOWS\System32\shcore.dll
0x00007ffd6c270000 - 0x00007ffd6c9ef000 	C:\WINDOWS\System32\windows.storage.dll
0x00007ffd6bfd0000 - 0x00007ffd6bfef000 	C:\WINDOWS\System32\profapi.dll
0x00007ffd6bf60000 - 0x00007ffd6bfaa000 	C:\WINDOWS\System32\powrprof.dll
0x00007ffd6bf30000 - 0x00007ffd6bf40000 	C:\WINDOWS\System32\UMPDC.dll
0x00007ffd6ee40000 - 0x00007ffd6ee92000 	C:\WINDOWS\System32\shlwapi.dll
0x00007ffd6bf40000 - 0x00007ffd6bf51000 	C:\WINDOWS\System32\kernel.appcore.dll
0x00007ffd6c9f0000 - 0x00007ffd6ca07000 	C:\WINDOWS\System32\cryptsp.dll
0x00007ffd5e260000 - 0x00007ffd5e27a000 	C:\Program Files\Android\Android Studio\jre\jre\bin\net.dll
0x00007ffd6b7a0000 - 0x00007ffd6b807000 	C:\WINDOWS\system32\mswsock.dll
0x00007ffd5e240000 - 0x00007ffd5e251000 	C:\Program Files\Android\Android Studio\jre\jre\bin\nio.dll
0x00007ffd66820000 - 0x00007ffd6683e000 	C:\Users\asus\.gradle\native\25\windows-amd64\native-platform.dll
0x00007ffd5c370000 - 0x00007ffd5c37d000 	C:\Program Files\Android\Android Studio\jre\jre\bin\management.dll
0x00007ffd6b310000 - 0x00007ffd6b343000 	C:\WINDOWS\system32\rsaenh.dll
0x00007ffd6ca60000 - 0x00007ffd6ca86000 	C:\WINDOWS\System32\bcrypt.dll
0x00007ffd6be50000 - 0x00007ffd6be75000 	C:\WINDOWS\SYSTEM32\USERENV.dll
0x00007ffd6b970000 - 0x00007ffd6b97c000 	C:\WINDOWS\SYSTEM32\CRYPTBASE.dll
0x00007ffd6b4b0000 - 0x00007ffd6b4ea000 	C:\WINDOWS\SYSTEM32\IPHLPAPI.DLL
0x00007ffd6e780000 - 0x00007ffd6e788000 	C:\WINDOWS\System32\NSI.dll
0x00007ffd62870000 - 0x00007ffd62886000 	C:\WINDOWS\SYSTEM32\dhcpcsvc6.DLL
0x00007ffd62580000 - 0x00007ffd6259c000 	C:\WINDOWS\SYSTEM32\dhcpcsvc.DLL
0x00007ffd6b4f0000 - 0x00007ffd6b5ba000 	C:\WINDOWS\SYSTEM32\DNSAPI.dll
0x00007ffd4edd0000 - 0x00007ffd4edf4000 	C:\Program Files\Android\Android Studio\jre\jre\bin\sunec.dll
0x00007ffd60cf0000 - 0x00007ffd60cfa000 	C:\Windows\System32\rasadhlp.dll
0x00007ffd60dc0000 - 0x00007ffd60e37000 	C:\WINDOWS\System32\fwpuclnt.dll
0x00007ffd57900000 - 0x00007ffd5790b000 	C:\Program Files\Android\Android Studio\jre\jre\bin\sunmscapi.dll
0x00007ffd6cee0000 - 0x00007ffd6d029000 	C:\WINDOWS\System32\CRYPT32.dll
0x00007ffd6bfb0000 - 0x00007ffd6bfc2000 	C:\WINDOWS\System32\MSASN1.dll

VM Arguments:
jvm_args: -Xmx1536m -Dfile.encoding=windows-1254 -Duser.country=TR -Duser.language=tr -Duser.variant 
java_command: org.gradle.launcher.daemon.bootstrap.GradleDaemon 5.1.1
java_class_path (initial): C:\Users\asus\.gradle\wrapper\dists\gradle-5.1.1-all\97z1ksx6lirer3kbvdnh7jtjg\gradle-5.1.1\lib\gradle-launcher-5.1.1.jar
Launcher Type: SUN_STANDARD

Environment Variables:
JAVA_HOME=C:\Program Files\Java\jdk1.8.0_231
CLASSPATH=.;
PATH=C:\Program Files (x86)\Common Files\Oracle\Java\javapath;C:\Python27\;C:\Python27\Scripts;C:\Program Files (x86)\Intel\iCLS Client\;C:\Program Files\Intel\iCLS Client\;C:\Windows\system32;C:\Windows;C:\Windows\System32\Wbem;C:\Windows\System32\WindowsPowerShell\v1.0\;C:\Program Files (x86)\NVIDIA Corporation\PhysX\Common;C:\Program Files (x86)\Intel\Intel(R) Management Engine Components\DAL;C:\Program Files\Intel\Intel(R) Management Engine Components\DAL;C:\Program Files (x86)\Intel\Intel(R) Management Engine Components\IPT;C:\Program Files\Intel\Intel(R) Management Engine Components\IPT;C:\WINDOWS\system32;C:\WINDOWS;C:\WINDOWS\System32\Wbem;C:\WINDOWS\System32\WindowsPowerShell\v1.0\;C:\WINDOWS\System32\OpenSSH\;C:\Program Files\Intel\WiFi\bin\;C:\Program Files\Common Files\Intel\WirelessCommon\;C:\Program Files\Java\jdk1.8.0_231\bin;C:\Program Files\Git\cmd;C:\Program Files\NVIDIA Corporation\NVIDIA NvDLISR;C:\ProgramData\chocolatey\bin;C:\Program Files\nodejs\;C:\Users\asus\AppData\Local\Microsoft\WindowsApps;C:\Program Files\Java\jdk1.8.0_231\bin;C:\Users\asus\AppData\Local\GitHubDesktop\bin;C:\Users\asus\AppData\Local\Programs\Microsoft VS Code\bin;C:\Users\asus\AppData\Roaming\npm
USERNAME=asus
OS=Windows_NT
PROCESSOR_IDENTIFIER=Intel64 Family 6 Model 142 Stepping 10, GenuineIntel



---------------  S Y S T E M  ---------------

OS: Windows 10.0 , 64 bit Build 18362 (10.0.18362.329)

CPU:total 8 (initial active 8) (4 cores per cpu, 2 threads per core) family 6 model 142 stepping 10, cmov, cx8, fxsr, mmx, sse, sse2, sse3, ssse3, sse4.1, sse4.2, popcnt, avx, avx2, aes, clmul, erms, 3dnowpref, lzcnt, ht, tsc, tscinvbit, bmi1, bmi2, adx

Memory: 4k page, physical 12462996k(1363640k free), swap 12462996k(4096k free)

vm_info: OpenJDK 64-Bit Server VM (25.152-b06) for windows-amd64 JRE (1.8.0_152-release-1136-b06), built by "builder" with MS VC++ 10.0 (VS2010)

time: Mon Feb 17 11:47:07 2020
elapsed time: 9 seconds (0d 0h 0m 9s)

