#
# There is insufficient memory for the Java Runtime Environment to continue.
# Native memory allocation (malloc) failed to allocate 1036576 bytes for Chunk::new
# Possible reasons:
#   The system is out of physical RAM or swap space
#   The process is running with CompressedOops enabled, and the Java Heap may be blocking the growth of the native heap
# Possible solutions:
#   Reduce memory load on the system
#   Increase physical memory or swap space
#   Check if swap backing store is full
#   Decrease Java heap size (-Xmx/-Xms)
#   Decrease number of Java threads
#   Decrease Java thread stack sizes (-Xss)
#   Set larger code cache with -XX:ReservedCodeCacheSize=
#   JVM is running with Unscaled Compressed Oops mode in which the Java heap is
#     placed in the first 4GB address space. The Java Heap base address is the
#     maximum limit for the native heap growth. Please use -XX:HeapBaseMinAddress
#     to set the Java Heap base and to place the Java Heap above 4GB virtual address.
# This output file may be truncated or incomplete.
#
#  Out of Memory Error (allocation.cpp:389), pid=8568, tid=0x0000000000002108
#
# JRE version: OpenJDK Runtime Environment (8.0_202-b03) (build 1.8.0_202-release-1483-b03)
# Java VM: OpenJDK 64-Bit Server VM (25.202-b03 mixed mode windows-amd64 compressed oops)
# Failed to write core dump. Minidumps are not enabled by default on client versions of Windows
#

---------------  T H R E A D  ---------------

Current thread (0x0000000018ac9800):  JavaThread "C2 CompilerThread2" daemon [_thread_in_native, id=8456, stack(0x0000000019580000,0x0000000019680000)]

Stack: [0x0000000019580000,0x0000000019680000]
[error occurred during error reporting (printing stack bounds), id 0xc0000005]

Native frames: (J=compiled Java code, j=interpreted, Vv=VM code, C=native code)


Current CompileTask:
C2: 309389 18408       4       com.android.tools.r8.ir.code.Phi::a (339 bytes)


---------------  P R O C E S S  ---------------

Java Threads: ( => current thread )
  0x000000001e388000 JavaThread "ForkJoinPool.commonPool-worker-7" daemon [_thread_blocked, id=4240, stack(0x000000002ce10000,0x000000002cf10000)]
  0x000000001e37e000 JavaThread "ForkJoinPool.commonPool-worker-6" daemon [_thread_blocked, id=7376, stack(0x000000002cd10000,0x000000002ce10000)]
  0x000000001e384000 JavaThread "ForkJoinPool.commonPool-worker-5" daemon [_thread_blocked, id=6996, stack(0x000000002cc10000,0x000000002cd10000)]
  0x000000001e382000 JavaThread "ForkJoinPool.commonPool-worker-2" daemon [_thread_blocked, id=2648, stack(0x000000002c910000,0x000000002ca10000)]
  0x000000001e381000 JavaThread "ForkJoinPool.commonPool-worker-1" daemon [_thread_blocked, id=11436, stack(0x000000002c810000,0x000000002c910000)]
  0x000000001e385000 JavaThread "stdout" [_thread_in_native, id=2740, stack(0x000000002c230000,0x000000002c330000)]
  0x000000001e380800 JavaThread "stderr" [_thread_in_native, id=7328, stack(0x000000002c130000,0x000000002c230000)]
  0x000000001e37f000 JavaThread "stdout" [_thread_in_native, id=9084, stack(0x000000002c030000,0x000000002c130000)]
  0x000000001e382800 JavaThread "stderr" [_thread_in_native, id=9748, stack(0x000000002bf30000,0x000000002c030000)]
  0x000000001dcd5800 JavaThread "stdout" [_thread_in_native, id=1636, stack(0x000000002be30000,0x000000002bf30000)]
  0x000000001dcd4000 JavaThread "stderr" [_thread_in_native, id=2356, stack(0x000000002bd30000,0x000000002be30000)]
  0x000000001dcd6000 JavaThread "stdout" [_thread_in_native, id=10264, stack(0x000000002bc30000,0x000000002bd30000)]
  0x000000001dcd3000 JavaThread "stderr" [_thread_in_native, id=2008, stack(0x000000002bb30000,0x000000002bc30000)]
  0x000000001dcd4800 JavaThread "stdout" [_thread_in_native, id=12480, stack(0x000000002ba30000,0x000000002bb30000)]
  0x000000001dcd2800 JavaThread "stderr" [_thread_in_native, id=5808, stack(0x000000002b930000,0x000000002ba30000)]
  0x000000001dccb000 JavaThread "stdout" [_thread_in_native, id=10096, stack(0x000000002b830000,0x000000002b930000)]
  0x000000001dcd1000 JavaThread "stderr" [_thread_in_native, id=11044, stack(0x000000002b730000,0x000000002b830000)]
  0x000000001dcd1800 JavaThread "stdout" [_thread_in_native, id=3652, stack(0x000000002b630000,0x000000002b730000)]
  0x000000001dcc9800 JavaThread "stderr" [_thread_in_native, id=5228, stack(0x000000002b530000,0x000000002b630000)]
  0x000000001dccc800 JavaThread "stdout" [_thread_in_native, id=12964, stack(0x000000002b430000,0x000000002b530000)]
  0x000000001dcd0000 JavaThread "stderr" [_thread_in_native, id=8832, stack(0x000000002b1e0000,0x000000002b2e0000)]
  0x000000001dcc8800 JavaThread "pool-5-thread-1" [_thread_blocked, id=5292, stack(0x000000002b330000,0x000000002b430000)]
  0x000000001dccf800 JavaThread "MarlinRenderer Disposer" daemon [_thread_blocked, id=3124, stack(0x000000002b0e0000,0x000000002b1e0000)]
  0x000000001dcce800 JavaThread "Java2D Disposer" daemon [_thread_blocked, id=6340, stack(0x000000002afe0000,0x000000002b0e0000)]
  0x000000001dccb800 JavaThread "WorkerExecutor Queue Thread 8" [_thread_blocked, id=13156, stack(0x000000002ace0000,0x000000002ade0000)]
  0x000000001dccd000 JavaThread "WorkerExecutor Queue Thread 7" [_thread_blocked, id=7924, stack(0x000000002abe0000,0x000000002ace0000)]
  0x000000001dcc8000 JavaThread "WorkerExecutor Queue Thread 6" [_thread_blocked, id=3340, stack(0x000000002a7e0000,0x000000002a8e0000)]
  0x000000001dcc7000 JavaThread "WorkerExecutor Queue Thread 5" [_thread_blocked, id=5896, stack(0x000000002a6e0000,0x000000002a7e0000)]
  0x000000001dcca000 JavaThread "WorkerExecutor Queue Thread 4" [_thread_blocked, id=8620, stack(0x000000002a5e0000,0x000000002a6e0000)]
  0x0000000021e3e000 JavaThread "WorkerExecutor Queue Thread 3" [_thread_blocked, id=5020, stack(0x000000002a4e0000,0x000000002a5e0000)]
  0x0000000021e3c800 JavaThread "WorkerExecutor Queue Thread 2" [_thread_blocked, id=9056, stack(0x000000002a0c0000,0x000000002a1c0000)]
  0x0000000021e3b800 JavaThread "WorkerExecutor Queue" [_thread_blocked, id=12612, stack(0x000000002a1e0000,0x000000002a2e0000)]
  0x0000000021e40000 JavaThread "Cache worker for execution history cache (C:\Users\asus\AndroidProject\OperationCP\.gradle\5.4.1\executionHistory)" [_thread_blocked, id=7720, stack(0x0000000029fc0000,0x000000002a0c0000)]
  0x0000000021e41800 JavaThread "Execution worker for ':' Thread 7" [_thread_blocked, id=4804, stack(0x0000000029ec0000,0x0000000029fc0000)]
  0x0000000021e42800 JavaThread "Execution worker for ':' Thread 6" [_thread_blocked, id=11984, stack(0x0000000029dc0000,0x0000000029ec0000)]
  0x000000001d0b1000 JavaThread "Execution worker for ':' Thread 5" [_thread_blocked, id=7988, stack(0x0000000029cc0000,0x0000000029dc0000)]
  0x000000001d0af800 JavaThread "Execution worker for ':' Thread 4" [_thread_in_Java, id=856, stack(0x0000000029ac0000,0x0000000029bc0000)]
  0x000000001d0ad000 JavaThread "Execution worker for ':' Thread 3" [_thread_blocked, id=13276, stack(0x00000000299c0000,0x0000000029ac0000)]
  0x000000001d0a4000 JavaThread "Execution worker for ':' Thread 2" [_thread_blocked, id=8860, stack(0x00000000298c0000,0x00000000299c0000)]
  0x000000001d0ab000 JavaThread "Execution worker for ':'" [_thread_blocked, id=3084, stack(0x00000000297c0000,0x00000000298c0000)]
  0x000000001d0a8800 JavaThread "Cache worker for file content cache (C:\Users\asus\AndroidProject\OperationCP\.gradle\5.4.1\fileContent)" [_thread_blocked, id=2452, stack(0x00000000296c0000,0x00000000297c0000)]
  0x000000001d0a5000 JavaThread "Cache worker for file content cache (C:\Users\asus\.gradle\caches\5.4.1\fileContent)" [_thread_blocked, id=12308, stack(0x00000000295c0000,0x00000000296c0000)]
  0x000000001d0a8000 JavaThread "Cache worker for Build Output Cleanup Cache (C:\Users\asus\AndroidProject\OperationCP\.gradle\buildOutputCleanup)" [_thread_blocked, id=11356, stack(0x00000000294c0000,0x00000000295c0000)]
  0x000000001d0a6800 JavaThread "pool-4-thread-1" [_thread_blocked, id=5132, stack(0x00000000293c0000,0x00000000294c0000)]
  0x000000001dddd800 JavaThread "Build operations Thread 8" [_thread_blocked, id=8672, stack(0x0000000024540000,0x0000000024640000)]
  0x000000001dddd000 JavaThread "Build operations Thread 7" [_thread_blocked, id=2944, stack(0x0000000024440000,0x0000000024540000)]
  0x000000001dddc000 JavaThread "Build operations Thread 6" [_thread_blocked, id=6376, stack(0x0000000024340000,0x0000000024440000)]
  0x000000001dddb800 JavaThread "Build operations Thread 5" [_thread_blocked, id=12228, stack(0x0000000023e10000,0x0000000023f10000)]
  0x000000001dddf000 JavaThread "Build operations Thread 4" [_thread_blocked, id=7276, stack(0x0000000023d10000,0x0000000023e10000)]
  0x000000001ddd4000 JavaThread "Build operations Thread 3" [_thread_blocked, id=3360, stack(0x0000000023c10000,0x0000000023d10000)]
  0x000000001ddda800 JavaThread "Build operations Thread 2" [_thread_blocked, id=8904, stack(0x0000000023b10000,0x0000000023c10000)]
  0x000000001ddd3000 JavaThread "Build operations" [_thread_blocked, id=10168, stack(0x0000000023a10000,0x0000000023b10000)]
  0x000000001ddda000 JavaThread "Cache worker for cache directory md-rule (C:\Users\asus\.gradle\caches\5.4.1\md-rule)" [_thread_blocked, id=12748, stack(0x0000000023910000,0x0000000023a10000)]
  0x000000001ddd7000 JavaThread "Cache worker for cache directory md-supplier (C:\Users\asus\.gradle\caches\5.4.1\md-supplier)" [_thread_blocked, id=10880, stack(0x0000000023360000,0x0000000023460000)]
  0x000000001ddd9000 JavaThread "Cache worker for file hash cache (C:\Users\asus\AndroidProject\OperationCP\.gradle\5.4.1\fileHashes)" [_thread_blocked, id=1188, stack(0x0000000021890000,0x0000000021990000)]
  0x000000001ddd8800 JavaThread "Thread-57" [_thread_blocked, id=436, stack(0x000000001c0d0000,0x000000001c1d0000)]
  0x000000001ddd2800 JavaThread "Stdin handler" [_thread_blocked, id=8484, stack(0x000000001bfd0000,0x000000001c0d0000)]
  0x000000001ddd6000 JavaThread "Asynchronous log dispatcher for DefaultDaemonConnection: socket connection from /127.0.0.1:60736 to /127.0.0.1:60804" [_thread_blocked, id=8240, stack(0x000000001bed0000,0x000000001bfd0000)]
  0x0000000019c18000 JavaThread "Daemon worker Thread 2" [_thread_blocked, id=12348, stack(0x000000001bbd0000,0x000000001bcd0000)]
  0x0000000019c1e800 JavaThread "Cancel handler" [_thread_blocked, id=6464, stack(0x000000001bad0000,0x000000001bbd0000)]
  0x0000000019c1a000 JavaThread "Handler for socket connection from /127.0.0.1:60736 to /127.0.0.1:60804" [_thread_in_native, id=700, stack(0x00000000012f0000,0x00000000013f0000)]
  0x0000000019c1e000 JavaThread "Daemon Thread 2" [_thread_blocked, id=5332, stack(0x0000000000fd0000,0x00000000010d0000)]
  0x000000001d0ac800 JavaThread "Memory manager" [_thread_blocked, id=5288, stack(0x00000000255f0000,0x00000000256f0000)]
  0x0000000019c19800 JavaThread "Cache worker for execution history cache (C:\Users\asus\.gradle\caches\5.4.1\executionHistory)" [_thread_blocked, id=3576, stack(0x0000000021990000,0x0000000021a90000)]
  0x0000000019c1b800 JavaThread "Cache worker for journal cache (C:\Users\asus\.gradle\caches\journal-1)" [_thread_blocked, id=2924, stack(0x000000001d6a0000,0x000000001d7a0000)]
  0x0000000019c1b000 JavaThread "File lock request listener" [_thread_in_native, id=3240, stack(0x000000001d5a0000,0x000000001d6a0000)]
  0x000000001af4b800 JavaThread "Cache worker for file hash cache (C:\Users\asus\.gradle\caches\5.4.1\fileHashes)" [_thread_blocked, id=1436, stack(0x000000001d4a0000,0x000000001d5a0000)]
  0x000000001ade9000 JavaThread "Daemon periodic checks" [_thread_blocked, id=12680, stack(0x000000001b9d0000,0x000000001bad0000)]
  0x000000001add2800 JavaThread "Incoming local TCP Connector on port 60736" [_thread_in_native, id=1204, stack(0x000000001b790000,0x000000001b890000)]
  0x000000001aa70000 JavaThread "Daemon health stats" [_thread_blocked, id=7860, stack(0x000000001b150000,0x000000001b250000)]
  0x0000000018adb000 JavaThread "Service Thread" daemon [_thread_blocked, id=9832, stack(0x0000000019780000,0x0000000019880000)]
  0x0000000018ad1000 JavaThread "C1 CompilerThread3" daemon [_thread_in_native, id=7108, stack(0x0000000019680000,0x0000000019780000)]
=>0x0000000018ac9800 JavaThread "C2 CompilerThread2" daemon [_thread_in_native, id=8456, stack(0x0000000019580000,0x0000000019680000)]
  0x0000000018ac7000 JavaThread "C2 CompilerThread1" daemon [_thread_in_native, id=3604, stack(0x0000000019480000,0x0000000019580000)]
  0x0000000018ac1000 JavaThread "C2 CompilerThread0" daemon [_thread_in_native, id=11220, stack(0x0000000019380000,0x0000000019480000)]
  0x0000000018ac0000 JavaThread "Attach Listener" daemon [_thread_blocked, id=10524, stack(0x0000000019280000,0x0000000019380000)]
  0x0000000018abf000 JavaThread "Signal Dispatcher" daemon [_thread_blocked, id=9696, stack(0x0000000019180000,0x0000000019280000)]
  0x0000000016cb2000 JavaThread "Finalizer" daemon [_thread_blocked, id=9068, stack(0x0000000018f90000,0x0000000019090000)]
  0x0000000002ee7800 JavaThread "Reference Handler" daemon [_thread_blocked, id=7152, stack(0x0000000018e90000,0x0000000018f90000)]
  0x0000000002dee800 JavaThread "main" [_thread_blocked, id=3288, stack(0x0000000002cb0000,0x0000000002db0000)]

Other Threads:
  0x0000000016ca7800 VMThread [stack: 0x0000000018990000,0x0000000018a90000] [id=10924]
  0x0000000018adc000 WatcherThread [stack: 0x0000000019880000,0x0000000019980000] [id=8012]

VM state:not at safepoint (normal execution)

VM Mutex/Monitor currently owned by a thread: None

heap address: 0x00000000a0000000, size: 1536 MB, Compressed Oops mode: 32-bit
Narrow klass base: 0x0000000000000000, Narrow klass shift: 3
Compressed class space size: 1073741824 Address: 0x0000000100000000

Heap:
 PSYoungGen      total 310272K, used 133162K [0x00000000e0000000, 0x00000000f5100000, 0x0000000100000000)
  eden space 277504K, 46% used [0x00000000e0000000,0x00000000e7e18a48,0x00000000f0f00000)
  from space 32768K, 12% used [0x00000000f2f00000,0x00000000f32f1e60,0x00000000f4f00000)
  to   space 32768K, 0% used [0x00000000f0f00000,0x00000000f0f00000,0x00000000f2f00000)
 ParOldGen       total 302592K, used 74624K [0x00000000a0000000, 0x00000000b2780000, 0x00000000e0000000)
  object space 302592K, 24% used [0x00000000a0000000,0x00000000a48e0348,0x00000000b2780000)
 Metaspace       used 94423K, capacity 98382K, committed 99072K, reserved 1134592K
  class space    used 12051K, capacity 12886K, committed 13056K, reserved 1048576K

Card table byte_map: [0x00000000122b0000,0x00000000125c0000] byte_map_base: 0x0000000011db0000

Marking Bits: (ParMarkBitMap*) 0x000000005ff69f30
 Begin Bits: [0x0000000012fc0000, 0x00000000147c0000)
 End Bits:   [0x00000000147c0000, 0x0000000015fc0000)

Polling page: 0x0000000001430000

CodeCache: size=245760Kb used=52811Kb max_used=52811Kb free=192949Kb
 bounds [0x0000000002ef0000, 0x00000000062d0000, 0x0000000011ef0000]
 total_blobs=16245 nmethods=15247 adapters=907
 compilation: enabled

Compilation events (10 events):
Event: 309.381 Thread 0x0000000018ad1000 nmethod 18665 0x00000000062c6d50 code [0x00000000062c6ee0, 0x00000000062c7138]
Event: 309.381 Thread 0x0000000018ad1000 18668       2       com.android.tools.r8.graph.DexProgramClass::a (75 bytes)
Event: 309.382 Thread 0x0000000018ad1000 nmethod 18668 0x00000000062c72d0 code [0x00000000062c7440, 0x00000000062c7668]
Event: 309.382 Thread 0x0000000018ad1000 18669       2       com.android.tools.r8.dex.e::a (46 bytes)
Event: 309.382 Thread 0x0000000018ad1000 nmethod 18669 0x00000000062c7790 code [0x00000000062c7920, 0x00000000062c7b68]
Event: 309.382 Thread 0x0000000018ad1000 18670       2       com.android.tools.r8.dex.c$$Lambda$747/1341766097::get$Lambda (11 bytes)
Event: 309.382 Thread 0x0000000018ad1000 nmethod 18670 0x00000000062c7c90 code [0x00000000062c7de0, 0x00000000062c7f90]
Event: 309.382 Thread 0x0000000018ad1000 18671       2       com.android.tools.r8.dex.c$$Lambda$747/1341766097::<init> (20 bytes)
Event: 309.383 Thread 0x0000000018ad1000 nmethod 18671 0x00000000062c8050 code [0x00000000062c81a0, 0x00000000062c8330]
Event: 309.386 Thread 0x0000000018ad1000 18672 % !   3       com.android.tools.r8.dex.c::b @ 242 (2274 bytes)

GC Heap History (10 events):
Event: 304.935 GC heap before
{Heap before GC invocations=24 (full 3):
 PSYoungGen      total 273920K, used 269871K [0x00000000e0000000, 0x00000000f3180000, 0x0000000100000000)
  eden space 245248K, 100% used [0x00000000e0000000,0x00000000eef80000,0x00000000eef80000)
  from space 28672K, 85% used [0x00000000f1580000,0x00000000f2d8bda8,0x00000000f3180000)
  to   space 33792K, 0% used [0x00000000eef80000,0x00000000eef80000,0x00000000f1080000)
 ParOldGen       total 209920K, used 77651K [0x00000000a0000000, 0x00000000acd00000, 0x00000000e0000000)
  object space 209920K, 36% used [0x00000000a0000000,0x00000000a4bd4e70,0x00000000acd00000)
 Metaspace       used 93454K, capacity 97732K, committed 97920K, reserved 1134592K
  class space    used 12003K, capacity 12895K, committed 12928K, reserved 1048576K
Event: 304.952 GC heap after
Heap after GC invocations=24 (full 3):
 PSYoungGen      total 258048K, used 19463K [0x00000000e0000000, 0x00000000f2a80000, 0x0000000100000000)
  eden space 238080K, 0% used [0x00000000e0000000,0x00000000e0000000,0x00000000ee880000)
  from space 19968K, 97% used [0x00000000eef80000,0x00000000f0281d00,0x00000000f0300000)
  to   space 33792K, 0% used [0x00000000f0980000,0x00000000f0980000,0x00000000f2a80000)
 ParOldGen       total 209920K, used 77659K [0x00000000a0000000, 0x00000000acd00000, 0x00000000e0000000)
  object space 209920K, 36% used [0x00000000a0000000,0x00000000a4bd6e70,0x00000000acd00000)
 Metaspace       used 93454K, capacity 97732K, committed 97920K, reserved 1134592K
  class space    used 12003K, capacity 12895K, committed 12928K, reserved 1048576K
}
Event: 306.242 GC heap before
{Heap before GC invocations=25 (full 3):
 PSYoungGen      total 258048K, used 257543K [0x00000000e0000000, 0x00000000f2a80000, 0x0000000100000000)
  eden space 238080K, 100% used [0x00000000e0000000,0x00000000ee880000,0x00000000ee880000)
  from space 19968K, 97% used [0x00000000eef80000,0x00000000f0281d00,0x00000000f0300000)
  to   space 33792K, 0% used [0x00000000f0980000,0x00000000f0980000,0x00000000f2a80000)
 ParOldGen       total 209920K, used 77659K [0x00000000a0000000, 0x00000000acd00000, 0x00000000e0000000)
  object space 209920K, 36% used [0x00000000a0000000,0x00000000a4bd6e70,0x00000000acd00000)
 Metaspace       used 93658K, capacity 97980K, committed 98304K, reserved 1134592K
  class space    used 12029K, capacity 12929K, committed 13056K, reserved 1048576K
Event: 306.258 GC heap after
Heap after GC invocations=25 (full 3):
 PSYoungGen      total 272384K, used 18568K [0x00000000e0000000, 0x00000000f4880000, 0x0000000100000000)
  eden space 238592K, 0% used [0x00000000e0000000,0x00000000e0000000,0x00000000ee900000)
  from space 33792K, 54% used [0x00000000f0980000,0x00000000f1ba2188,0x00000000f2a80000)
  to   space 33280K, 0% used [0x00000000ee900000,0x00000000ee900000,0x00000000f0980000)
 ParOldGen       total 209920K, used 77667K [0x00000000a0000000, 0x00000000acd00000, 0x00000000e0000000)
  object space 209920K, 36% used [0x00000000a0000000,0x00000000a4bd8e70,0x00000000acd00000)
 Metaspace       used 93658K, capacity 97980K, committed 98304K, reserved 1134592K
  class space    used 12029K, capacity 12929K, committed 13056K, reserved 1048576K
}
Event: 307.076 GC heap before
{Heap before GC invocations=26 (full 3):
 PSYoungGen      total 272384K, used 159147K [0x00000000e0000000, 0x00000000f4880000, 0x0000000100000000)
  eden space 238592K, 58% used [0x00000000e0000000,0x00000000e8948d28,0x00000000ee900000)
  from space 33792K, 54% used [0x00000000f0980000,0x00000000f1ba2188,0x00000000f2a80000)
  to   space 33280K, 0% used [0x00000000ee900000,0x00000000ee900000,0x00000000f0980000)
 ParOldGen       total 209920K, used 77667K [0x00000000a0000000, 0x00000000acd00000, 0x00000000e0000000)
  object space 209920K, 36% used [0x00000000a0000000,0x00000000a4bd8e70,0x00000000acd00000)
 Metaspace       used 94131K, capacity 98460K, committed 98560K, reserved 1134592K
  class space    used 12094K, capacity 12985K, committed 13056K, reserved 1048576K
Event: 307.093 GC heap after
Heap after GC invocations=26 (full 3):
 PSYoungGen      total 271872K, used 18345K [0x00000000e0000000, 0x00000000f4f00000, 0x0000000100000000)
  eden space 238592K, 0% used [0x00000000e0000000,0x00000000e0000000,0x00000000ee900000)
  from space 33280K, 55% used [0x00000000ee900000,0x00000000efaea560,0x00000000f0980000)
  to   space 32768K, 0% used [0x00000000f2f00000,0x00000000f2f00000,0x00000000f4f00000)
 ParOldGen       total 209920K, used 77675K [0x00000000a0000000, 0x00000000acd00000, 0x00000000e0000000)
  object space 209920K, 37% used [0x00000000a0000000,0x00000000a4bdae70,0x00000000acd00000)
 Metaspace       used 94131K, capacity 98460K, committed 98560K, reserved 1134592K
  class space    used 12094K, capacity 12985K, committed 13056K, reserved 1048576K
}
Event: 307.093 GC heap before
{Heap before GC invocations=27 (full 4):
 PSYoungGen      total 271872K, used 18345K [0x00000000e0000000, 0x00000000f4f00000, 0x0000000100000000)
  eden space 238592K, 0% used [0x00000000e0000000,0x00000000e0000000,0x00000000ee900000)
  from space 33280K, 55% used [0x00000000ee900000,0x00000000efaea560,0x00000000f0980000)
  to   space 32768K, 0% used [0x00000000f2f00000,0x00000000f2f00000,0x00000000f4f00000)
 ParOldGen       total 209920K, used 77675K [0x00000000a0000000, 0x00000000acd00000, 0x00000000e0000000)
  object space 209920K, 37% used [0x00000000a0000000,0x00000000a4bdae70,0x00000000acd00000)
 Metaspace       used 94131K, capacity 98460K, committed 98560K, reserved 1134592K
  class space    used 12094K, capacity 12985K, committed 13056K, reserved 1048576K
Event: 307.353 GC heap after
Heap after GC invocations=27 (full 4):
 PSYoungGen      total 271872K, used 0K [0x00000000e0000000, 0x00000000f4f00000, 0x0000000100000000)
  eden space 238592K, 0% used [0x00000000e0000000,0x00000000e0000000,0x00000000ee900000)
  from space 33280K, 0% used [0x00000000ee900000,0x00000000ee900000,0x00000000f0980000)
  to   space 32768K, 0% used [0x00000000f2f00000,0x00000000f2f00000,0x00000000f4f00000)
 ParOldGen       total 302592K, used 74616K [0x00000000a0000000, 0x00000000b2780000, 0x00000000e0000000)
  object space 302592K, 24% used [0x00000000a0000000,0x00000000a48de348,0x00000000b2780000)
 Metaspace       used 93803K, capacity 97546K, committed 98560K, reserved 1134592K
  class space    used 11993K, capacity 12806K, committed 13056K, reserved 1048576K
}
Event: 308.756 GC heap before
{Heap before GC invocations=28 (full 4):
 PSYoungGen      total 271872K, used 238592K [0x00000000e0000000, 0x00000000f4f00000, 0x0000000100000000)
  eden space 238592K, 100% used [0x00000000e0000000,0x00000000ee900000,0x00000000ee900000)
  from space 33280K, 0% used [0x00000000ee900000,0x00000000ee900000,0x00000000f0980000)
  to   space 32768K, 0% used [0x00000000f2f00000,0x00000000f2f00000,0x00000000f4f00000)
 ParOldGen       total 302592K, used 74616K [0x00000000a0000000, 0x00000000b2780000, 0x00000000e0000000)
  object space 302592K, 24% used [0x00000000a0000000,0x00000000a48de348,0x00000000b2780000)
 Metaspace       used 94335K, capacity 98318K, committed 99072K, reserved 1134592K
  class space    used 12051K, capacity 12886K, committed 13056K, reserved 1048576K
Event: 308.761 GC heap after
Heap after GC invocations=28 (full 4):
 PSYoungGen      total 310272K, used 4039K [0x00000000e0000000, 0x00000000f5100000, 0x0000000100000000)
  eden space 277504K, 0% used [0x00000000e0000000,0x00000000e0000000,0x00000000f0f00000)
  from space 32768K, 12% used [0x00000000f2f00000,0x00000000f32f1e60,0x00000000f4f00000)
  to   space 32768K, 0% used [0x00000000f0f00000,0x00000000f0f00000,0x00000000f2f00000)
 ParOldGen       total 302592K, used 74624K [0x00000000a0000000, 0x00000000b2780000, 0x00000000e0000000)
  object space 302592K, 24% used [0x00000000a0000000,0x00000000a48e0348,0x00000000b2780000)
 Metaspace       used 94335K, capacity 98318K, committed 99072K, reserved 1134592K
  class space    used 12051K, capacity 12886K, committed 13056K, reserved 1048576K
}

Deoptimization events (10 events):
Event: 307.657 Thread 0x000000001d0af800 Uncommon trap: reason=unstable_if action=reinterpret pc=0x00000000062369f0 method=com.android.tools.r8.ir.regalloc.LinearScanRegisterAllocator.a(Lcom/android/tools/r8/ir/regalloc/LinearScanRegisterAllocator$a;Z)Lcom/android/tools/r8/ir/regalloc/LinearScan
Event: 307.662 Thread 0x000000001d0af800 Uncommon trap: reason=unstable_if action=reinterpret pc=0x00000000031c0afc method=java.util.HashMap.resize()[Ljava/util/HashMap$Node; @ 206
Event: 307.726 Thread 0x000000001d0af800 Uncommon trap: reason=unstable_if action=reinterpret pc=0x0000000003efe688 method=com.android.tools.r8.ir.optimize.PeepholeOptimizer.optimize(Lcom/android/tools/r8/ir/code/IRCode;Lcom/android/tools/r8/ir/regalloc/LinearScanRegisterAllocator;)V @ 235
Event: 307.917 Thread 0x000000001d0af800 Uncommon trap: reason=array_check action=maybe_recompile pc=0x000000000532be0c method=java.util.TimSort.reverseRange([Ljava/lang/Object;II)V @ 27
Event: 308.263 Thread 0x000000001d0af800 Uncommon trap: reason=class_check action=maybe_recompile pc=0x0000000004c7da04 method=com.android.tools.r8.ir.analysis.g.e.b(Lcom/android/tools/r8/ir/code/Instruction;)V @ 241
Event: 308.437 Thread 0x000000001d0af800 Uncommon trap: reason=class_check action=maybe_recompile pc=0x0000000004c7da04 method=com.android.tools.r8.ir.analysis.g.e.b(Lcom/android/tools/r8/ir/code/Instruction;)V @ 241
Event: 308.437 Thread 0x000000001d0af800 Uncommon trap: reason=class_check action=maybe_recompile pc=0x0000000004c7da04 method=com.android.tools.r8.ir.analysis.g.e.b(Lcom/android/tools/r8/ir/code/Instruction;)V @ 241
Event: 308.566 Thread 0x000000001d0af800 Uncommon trap: reason=class_check action=maybe_recompile pc=0x0000000004c7da04 method=com.android.tools.r8.ir.analysis.g.e.b(Lcom/android/tools/r8/ir/code/Instruction;)V @ 241
Event: 308.986 Thread 0x000000001d0af800 Uncommon trap: reason=unstable_if action=reinterpret pc=0x0000000003855930 method=java.util.HashMap.getNode(ILjava/lang/Object;)Ljava/util/HashMap$Node; @ 84
Event: 309.355 Thread 0x000000001d0af800 Uncommon trap: reason=predicate action=maybe_recompile pc=0x000000000591ac40 method=java.util.TimSort.binarySort([Ljava/lang/Object;IIILjava/util/Comparator;)V @ 37

Classes redefined (0 events):
No events

Internal exceptions (10 events):
Event: 301.562 Thread 0x000000001d0af800 Exception <a 'sun/nio/fs/WindowsException'> (0x00000000e6f0cff0) thrown at [D:\src\AOSP-openjdk-cygwin\jdk8u\hotspot\src\share\vm\prims\jni.cpp, line 710]
Event: 301.698 Thread 0x000000001e383800 Exception <a 'java/lang/NoSuchMethodError': java.lang.Object.lambda$static$0(Ljava/lang/String;)Z> (0x00000000e828b148) thrown at [D:\src\AOSP-openjdk-cygwin\jdk8u\hotspot\src\share\vm\interpreter\linkResolver.cpp, line 620]
Event: 301.743 Thread 0x000000001d0af800 Exception <a 'java/lang/NoSuchMethodError': java.lang.Object.lambda$and$0(Ljava/util/function/Predicate;Ljava/lang/Object;)Z> (0x00000000e86f6800) thrown at [D:\src\AOSP-openjdk-cygwin\jdk8u\hotspot\src\share\vm\interpreter\linkResolver.cpp, line 620]
Event: 301.832 Thread 0x000000001d0af800 Exception <a 'sun/nio/fs/WindowsException'> (0x00000000e9311e08) thrown at [D:\src\AOSP-openjdk-cygwin\jdk8u\hotspot\src\share\vm\prims\jni.cpp, line 710]
Event: 302.252 Thread 0x000000001d0af800 Exception <a 'java/lang/NoSuchMethodError': java.lang.Object.lambda$maxBy$1(Ljava/util/Comparator;Ljava/lang/Object;Ljava/lang/Object;)Ljava/lang/Object;> (0x00000000eb284ba8) thrown at [D:\src\AOSP-openjdk-cygwin\jdk8u\hotspot\src\share\vm\interpreter\li
Event: 305.147 Thread 0x000000001d0af800 Implicit null exception at 0x00000000054a53c1 to 0x00000000054a74bd
Event: 307.593 Thread 0x000000001d0af800 Exception <a 'sun/nio/fs/WindowsException'> (0x00000000e1018700) thrown at [D:\src\AOSP-openjdk-cygwin\jdk8u\hotspot\src\share\vm\prims\jni.cpp, line 710]
Event: 307.608 Thread 0x000000001d0af800 Exception <a 'sun/nio/fs/WindowsException'> (0x00000000e10e2a58) thrown at [D:\src\AOSP-openjdk-cygwin\jdk8u\hotspot\src\share\vm\prims\jni.cpp, line 710]
Event: 308.156 Thread 0x000000001d0af800 Exception <a 'sun/nio/fs/WindowsException'> (0x00000000e7626078) thrown at [D:\src\AOSP-openjdk-cygwin\jdk8u\hotspot\src\share\vm\prims\jni.cpp, line 710]
Event: 308.190 Thread 0x000000001d0af800 Exception <a 'sun/nio/fs/WindowsException'> (0x00000000e7bef688) thrown at [D:\src\AOSP-openjdk-cygwin\jdk8u\hotspot\src\share\vm\prims\jni.cpp, line 710]

Events (10 events):
Event: 309.166 Thread 0x000000001d0af800 DEOPT UNPACKING pc=0x0000000002f375d0 sp=0x0000000029bb9438 mode 0
Event: 309.187 Thread 0x000000001d0af800 DEOPT PACKING pc=0x00000000054ba2e5 sp=0x0000000029bba0b0
Event: 309.187 Thread 0x000000001d0af800 DEOPT UNPACKING pc=0x0000000002f375d0 sp=0x0000000029bb9e98 mode 0
Event: 309.228 Thread 0x000000001d0af800 DEOPT PACKING pc=0x00000000054ba5d2 sp=0x0000000029bba0b0
Event: 309.228 Thread 0x000000001d0af800 DEOPT UNPACKING pc=0x0000000002f375d0 sp=0x0000000029bb9ea0 mode 0
Event: 309.311 Thread 0x000000001d0af800 DEOPT PACKING pc=0x00000000054ba2c9 sp=0x0000000029bba0b0
Event: 309.311 Thread 0x000000001d0af800 DEOPT UNPACKING pc=0x0000000002f375d0 sp=0x0000000029bb9e98 mode 0
Event: 309.355 Thread 0x000000001d0af800 Uncommon trap: trap_request=0xffffff86 fr.pc=0x000000000591ac40
Event: 309.355 Thread 0x000000001d0af800 DEOPT PACKING pc=0x000000000591ac40 sp=0x0000000029bba9a0
Event: 309.355 Thread 0x000000001d0af800 DEOPT UNPACKING pc=0x0000000002f3557b sp=0x0000000029bba8f8 mode 2


Dynamic libraries:
0x00007ff6a2ea0000 - 0x00007ff6a2ed1000 	C:\Program Files\Android\Android Studio\jre\bin\java.exe
0x00007ffd6f060000 - 0x00007ffd6f250000 	C:\WINDOWS\SYSTEM32\ntdll.dll
0x00007ffd6e8c0000 - 0x00007ffd6e972000 	C:\WINDOWS\System32\KERNEL32.DLL
0x00007ffd6cb90000 - 0x00007ffd6ce33000 	C:\WINDOWS\System32\KERNELBASE.dll
0x00007ffd6eea0000 - 0x00007ffd6ef43000 	C:\WINDOWS\System32\ADVAPI32.dll
0x00007ffd6ef50000 - 0x00007ffd6efee000 	C:\WINDOWS\System32\msvcrt.dll
0x00007ffd6dc30000 - 0x00007ffd6dcc7000 	C:\WINDOWS\System32\sechost.dll
0x00007ffd6d820000 - 0x00007ffd6d940000 	C:\WINDOWS\System32\RPCRT4.dll
0x00007ffd6de10000 - 0x00007ffd6dfa4000 	C:\WINDOWS\System32\USER32.dll
0x00007ffd6c190000 - 0x00007ffd6c1b1000 	C:\WINDOWS\System32\win32u.dll
0x00007ffd6ea50000 - 0x00007ffd6ea76000 	C:\WINDOWS\System32\GDI32.dll
0x00007ffd6bff0000 - 0x00007ffd6c184000 	C:\WINDOWS\System32\gdi32full.dll
0x00007ffd6ce40000 - 0x00007ffd6cede000 	C:\WINDOWS\System32\msvcp_win.dll
0x00007ffd6ca90000 - 0x00007ffd6cb8a000 	C:\WINDOWS\System32\ucrtbase.dll
0x00007ffd64300000 - 0x00007ffd64585000 	C:\WINDOWS\WinSxS\amd64_microsoft.windows.common-controls_6595b64144ccf1df_6.0.18362.657_none_e6c5b579130e3898\COMCTL32.dll
0x00007ffd6eb00000 - 0x00007ffd6ee36000 	C:\WINDOWS\System32\combase.dll
0x00007ffd6d090000 - 0x00007ffd6d110000 	C:\WINDOWS\System32\bcryptPrimitives.dll
0x00007ffd6eff0000 - 0x00007ffd6f01e000 	C:\WINDOWS\System32\IMM32.DLL
0x000000005f510000 - 0x000000005f5e2000 	C:\Program Files\Android\Android Studio\jre\jre\bin\msvcr100.dll
0x000000005f7a0000 - 0x000000005ffe6000 	C:\Program Files\Android\Android Studio\jre\jre\bin\server\jvm.dll
0x00007ffd6e840000 - 0x00007ffd6e848000 	C:\WINDOWS\System32\PSAPI.DLL
0x00007ffd64c40000 - 0x00007ffd64c4a000 	C:\WINDOWS\SYSTEM32\VERSION.dll
0x00007ffd697c0000 - 0x00007ffd697e4000 	C:\WINDOWS\SYSTEM32\WINMM.dll
0x00007ffd5abb0000 - 0x00007ffd5abb9000 	C:\WINDOWS\SYSTEM32\WSOCK32.dll
0x00007ffd6e850000 - 0x00007ffd6e8bf000 	C:\WINDOWS\System32\WS2_32.dll
0x00007ffd694b0000 - 0x00007ffd694dd000 	C:\WINDOWS\SYSTEM32\winmmbase.dll
0x00007ffd6ca10000 - 0x00007ffd6ca5a000 	C:\WINDOWS\System32\cfgmgr32.dll
0x00007ffd699b0000 - 0x00007ffd699bf000 	C:\Program Files\Android\Android Studio\jre\jre\bin\verify.dll
0x00007ffd66d60000 - 0x00007ffd66d89000 	C:\Program Files\Android\Android Studio\jre\jre\bin\java.dll
0x00007ffd66a50000 - 0x00007ffd66a66000 	C:\Program Files\Android\Android Studio\jre\jre\bin\zip.dll
0x00007ffd6e080000 - 0x00007ffd6e765000 	C:\WINDOWS\System32\SHELL32.dll
0x00007ffd6e790000 - 0x00007ffd6e839000 	C:\WINDOWS\System32\shcore.dll
0x00007ffd6c270000 - 0x00007ffd6c9ef000 	C:\WINDOWS\System32\windows.storage.dll
0x00007ffd6bfd0000 - 0x00007ffd6bfef000 	C:\WINDOWS\System32\profapi.dll
0x00007ffd6bf60000 - 0x00007ffd6bfaa000 	C:\WINDOWS\System32\powrprof.dll
0x00007ffd6bf30000 - 0x00007ffd6bf40000 	C:\WINDOWS\System32\UMPDC.dll
0x00007ffd6ee40000 - 0x00007ffd6ee92000 	C:\WINDOWS\System32\shlwapi.dll
0x00007ffd6bf40000 - 0x00007ffd6bf51000 	C:\WINDOWS\System32\kernel.appcore.dll
0x00007ffd6c9f0000 - 0x00007ffd6ca07000 	C:\WINDOWS\System32\cryptsp.dll
0x00007ffd66910000 - 0x00007ffd6692a000 	C:\Program Files\Android\Android Studio\jre\jre\bin\net.dll
0x00007ffd6b7a0000 - 0x00007ffd6b807000 	C:\WINDOWS\system32\mswsock.dll
0x00007ffd668f0000 - 0x00007ffd66901000 	C:\Program Files\Android\Android Studio\jre\jre\bin\nio.dll
0x00007ffd5e520000 - 0x00007ffd5e546000 	C:\Users\asus\.gradle\native\29\windows-amd64\native-platform.dll
0x00007ffd66d50000 - 0x00007ffd66d5d000 	C:\Program Files\Android\Android Studio\jre\jre\bin\management.dll
0x00007ffd6b310000 - 0x00007ffd6b343000 	C:\WINDOWS\system32\rsaenh.dll
0x00007ffd6ca60000 - 0x00007ffd6ca86000 	C:\WINDOWS\System32\bcrypt.dll
0x00007ffd6be50000 - 0x00007ffd6be75000 	C:\WINDOWS\SYSTEM32\USERENV.dll
0x00007ffd6b970000 - 0x00007ffd6b97c000 	C:\WINDOWS\SYSTEM32\CRYPTBASE.dll
0x00007ffd6b4b0000 - 0x00007ffd6b4ea000 	C:\WINDOWS\SYSTEM32\IPHLPAPI.DLL
0x00007ffd6e780000 - 0x00007ffd6e788000 	C:\WINDOWS\System32\NSI.dll
0x00007ffd62870000 - 0x00007ffd62886000 	C:\WINDOWS\SYSTEM32\dhcpcsvc6.DLL
0x00007ffd62580000 - 0x00007ffd6259c000 	C:\WINDOWS\SYSTEM32\dhcpcsvc.DLL
0x00007ffd6b4f0000 - 0x00007ffd6b5ba000 	C:\WINDOWS\SYSTEM32\DNSAPI.dll
0x00007ffd66830000 - 0x00007ffd66854000 	C:\Program Files\Android\Android Studio\jre\jre\bin\sunec.dll
0x00007ffd60cf0000 - 0x00007ffd60cfa000 	C:\Windows\System32\rasadhlp.dll
0x00007ffd60dc0000 - 0x00007ffd60e37000 	C:\WINDOWS\System32\fwpuclnt.dll
0x00007ffd665f0000 - 0x00007ffd665fb000 	C:\Program Files\Android\Android Studio\jre\jre\bin\sunmscapi.dll
0x00007ffd6cee0000 - 0x00007ffd6d029000 	C:\WINDOWS\System32\CRYPT32.dll
0x00007ffd6bfb0000 - 0x00007ffd6bfc2000 	C:\WINDOWS\System32\MSASN1.dll
0x00007ffd5d680000 - 0x00007ffd5d81c000 	C:\Program Files\Android\Android Studio\jre\jre\bin\awt.dll
0x00007ffd6e980000 - 0x00007ffd6ea44000 	C:\WINDOWS\System32\OLEAUT32.dll
0x00007ffd679d0000 - 0x00007ffd67f90000 	C:\WINDOWS\SYSTEM32\d2d1.dll
0x00007ffd6a200000 - 0x00007ffd6a22d000 	C:\WINDOWS\SYSTEM32\dwmapi.dll
0x00007ffd69a00000 - 0x00007ffd69a8f000 	C:\WINDOWS\SYSTEM32\apphelp.dll
0x00007ffd69c20000 - 0x00007ffd69cb9000 	C:\WINDOWS\system32\uxtheme.dll

VM Arguments:
jvm_args: -Xmx1536m -Dfile.encoding=windows-1254 -Duser.country=TR -Duser.language=tr -Duser.variant 
java_command: org.gradle.launcher.daemon.bootstrap.GradleDaemon 5.4.1
java_class_path (initial): C:\Users\asus\.gradle\wrapper\dists\gradle-5.4.1-all\3221gyojl5jsh0helicew7rwx\gradle-5.4.1\lib\gradle-launcher-5.4.1.jar
Launcher Type: SUN_STANDARD

Environment Variables:
JAVA_HOME=C:\Program Files\Java\jdk1.8.0_231
CLASSPATH=.;
PATH=C:\Program Files (x86)\Common Files\Oracle\Java\javapath;C:\Python27\;C:\Python27\Scripts;C:\Program Files (x86)\Intel\iCLS Client\;C:\Program Files\Intel\iCLS Client\;C:\Windows\system32;C:\Windows;C:\Windows\System32\Wbem;C:\Windows\System32\WindowsPowerShell\v1.0\;C:\Program Files (x86)\NVIDIA Corporation\PhysX\Common;C:\Program Files (x86)\Intel\Intel(R) Management Engine Components\DAL;C:\Program Files\Intel\Intel(R) Management Engine Components\DAL;C:\Program Files (x86)\Intel\Intel(R) Management Engine Components\IPT;C:\Program Files\Intel\Intel(R) Management Engine Components\IPT;C:\WINDOWS\system32;C:\WINDOWS;C:\WINDOWS\System32\Wbem;C:\WINDOWS\System32\WindowsPowerShell\v1.0\;C:\WINDOWS\System32\OpenSSH\;C:\Program Files\Intel\WiFi\bin\;C:\Program Files\Common Files\Intel\WirelessCommon\;C:\Program Files\Java\jdk1.8.0_231\bin;C:\Program Files\Git\cmd;C:\Program Files\NVIDIA Corporation\NVIDIA NvDLISR;C:\ProgramData\chocolatey\bin;C:\Program Files\nodejs\;C:\Users\asus\AppData\Local\Microsoft\WindowsApps;C:\Program Files\Java\jdk1.8.0_231\bin;C:\Users\asus\AppData\Local\GitHubDesktop\bin;C:\Users\asus\AppData\Local\Programs\Microsoft VS Code\bin;C:\Users\asus\AppData\Roaming\npm
USERNAME=asus
OS=Windows_NT
PROCESSOR_IDENTIFIER=Intel64 Family 6 Model 142 Stepping 10, GenuineIntel



---------------  S Y S T E M  ---------------

OS: Windows 10.0 , 64 bit Build 18362 (10.0.18362.329)

CPU:total 8 (initial active 8) (4 cores per cpu, 2 threads per core) family 6 model 142 stepping 10, cmov, cx8, fxsr, mmx, sse, sse2, sse3, ssse3, sse4.1, sse4.2, popcnt, avx, avx2, aes, clmul, erms, 3dnowpref, lzcnt, ht, tsc, tscinvbit, bmi1, bmi2, adx

Memory: 4k page, physical 12462996k(1746136k free), swap 12462996k(5180k free)

vm_info: OpenJDK 64-Bit Server VM (25.202-b03) for windows-amd64 JRE (1.8.0_202-release-1483-b03), built by "builder" with MS VC++ 10.0 (VS2010)

time: Mon Feb 17 12:35:06 2020
timezone: Türkiye Standart Saati
elapsed time: 309 seconds (0d 0h 5m 9s)

